2019-12-16T05:00:57+00:00 CRITICAL Maximum execution time of 30 seconds exceeded in D:\cdrive\htdocs\mix-mobile\wp-includes\plugin.php on line 899

2019-12-16T05:39:50+00:00 CRITICAL Uncaught RuntimeException: Unable to claim actions. Database error. in D:\cdrive\htdocs\mix-mobile\wp-content\plugins\woocommerce\includes\libraries\action-scheduler\classes\ActionScheduler_wpPostStore.php:600
Stack trace:
#0 D:\cdrive\htdocs\mix-mobile\wp-content\plugins\woocommerce\includes\libraries\action-scheduler\classes\ActionScheduler_wpPostStore.php(509): ActionScheduler_wpPostStore->claim_actions('00445151c50f076...', 25, NULL, Array, '')
#1 D:\cdrive\htdocs\mix-mobile\wp-content\plugins\woocommerce\includes\libraries\action-scheduler\classes\ActionScheduler_QueueRunner.php(71): ActionScheduler_wpPostStore->stake_claim(25)
#2 D:\cdrive\htdocs\mix-mobile\wp-content\plugins\woocommerce\includes\libraries\action-scheduler\classes\ActionScheduler_QueueRunner.php(61): ActionScheduler_QueueRunner->do_batch(25)
#3 D:\cdrive\htdocs\mix-mobile\wp-includes\class-wp-hook.php(286): ActionScheduler_QueueRunner->run()
#4 D:\cdrive\htdocs\mix-mobile\wp-includes\class-wp-hook.php(310): WP_Hook->apply_filters('', Ar in D:\cdrive\htdocs\mix-mobile\wp-content\plugins\woocommerce\includes\libraries\action-scheduler\classes\ActionScheduler_wpPostStore.php on line 600

2019-12-16T05:48:02+00:00 CRITICAL Maximum execution time of 30 seconds exceeded in D:\cdrive\htdocs\mix-mobile\wp-includes\wp-db.php on line 1924

2019-12-16T10:22:25+00:00 CRITICAL Uncaught Error: Call to a member function is_visible() on string in D:\cdrive\htdocs\mix-mobile\wp-content\plugins\woocommerce\templates\content-product.php:23
Stack trace:
#0 D:\cdrive\htdocs\mix-mobile\wp-includes\template.php(690): require()
#1 D:\cdrive\htdocs\mix-mobile\wp-content\plugins\woocommerce\includes\wc-core-functions.php(195): load_template('D:\\cdrive\\htdoc...', false)
#2 D:\cdrive\htdocs\mix-mobile\wp-content\plugins\woocommerce\includes\shortcodes\class-wc-shortcode-products.php(653): wc_get_template_part('content', 'product')
#3 D:\cdrive\htdocs\mix-mobile\wp-content\plugins\woocommerce\includes\shortcodes\class-wc-shortcode-products.php(100): WC_Shortcode_Products->product_loop()
#4 D:\cdrive\htdocs\mix-mobile\wp-content\plugins\woocommerce\includes\class-wc-shortcodes.php(397): WC_Shortcode_Products->get_content()
#5 D:\cdrive\htdocs\mix-mobile\wp-content\themes\tokoo\inc\tokoo-functions.php(412): WC_Shortcodes::sale_products(Array, NULL, 'sale_products')
#6 D:\cdrive\htdocs\mix-mobile\w in D:\cdrive\htdocs\mix-mobile\wp-content\plugins\woocommerce\templates\content-product.php on line 23

2019-12-16T10:22:43+00:00 CRITICAL Uncaught Error: Call to a member function is_visible() on string in D:\cdrive\htdocs\mix-mobile\wp-content\plugins\woocommerce\templates\content-product.php:23
Stack trace:
#0 D:\cdrive\htdocs\mix-mobile\wp-includes\template.php(690): require()
#1 D:\cdrive\htdocs\mix-mobile\wp-content\plugins\woocommerce\includes\wc-core-functions.php(195): load_template('D:\\cdrive\\htdoc...', false)
#2 D:\cdrive\htdocs\mix-mobile\wp-content\plugins\woocommerce\includes\shortcodes\class-wc-shortcode-products.php(653): wc_get_template_part('content', 'product')
#3 D:\cdrive\htdocs\mix-mobile\wp-content\plugins\woocommerce\includes\shortcodes\class-wc-shortcode-products.php(100): WC_Shortcode_Products->product_loop()
#4 D:\cdrive\htdocs\mix-mobile\wp-content\plugins\woocommerce\includes\class-wc-shortcodes.php(397): WC_Shortcode_Products->get_content()
#5 D:\cdrive\htdocs\mix-mobile\wp-content\themes\tokoo\inc\tokoo-functions.php(412): WC_Shortcodes::sale_products(Array, NULL, 'sale_products')
#6 D:\cdrive\htdocs\mix-mobile\w in D:\cdrive\htdocs\mix-mobile\wp-content\plugins\woocommerce\templates\content-product.php on line 23

